This is pdfTeX, Version 3.1415926-2.5-1.40.14 (TeX Live 2013/Debian) (format=pdflatex 2014.11.5)  15 DEC 2014 19:01
entering extended mode
 restricted \write18 enabled.
 %&-line parsing enabled.
**main
(./main.tex
LaTeX2e <2011/06/27>
Babel <3.9h> and hyphenation patterns for 2 languages loaded.
(./SmartReport.cls
Document Class: SmartReport 20012/01/30 1.0 SmartSociety FP7 Project Deliverabl
e document class
SmartSociety Report Class v.1.1
written by Daniele Miorandi
daniele.miorandi@u-hopper.com
--SmartReport builds on top of ``article.cls''--
use at your own risk
good luck!
(/usr/share/texlive/texmf-dist/tex/latex/graphics/color.sty
Package: color 2005/11/14 v1.0j Standard LaTeX Color (DPC)

(/usr/share/texlive/texmf-dist/tex/latex/latexconfig/color.cfg
File: color.cfg 2007/01/18 v1.5 color configuration of teTeX/TeXLive
)
Package color Info: Driver file: pdftex.def on input line 130.

(/usr/share/texlive/texmf-dist/tex/latex/pdftex-def/pdftex.def
File: pdftex.def 2011/05/27 v0.06d Graphics/color for pdfTeX

(/usr/share/texlive/texmf-dist/tex/generic/oberdiek/infwarerr.sty
Package: infwarerr 2010/04/08 v1.3 Providing info/warning/error messages (HO)
)
(/usr/share/texlive/texmf-dist/tex/generic/oberdiek/ltxcmds.sty
Package: ltxcmds 2011/11/09 v1.22 LaTeX kernel commands for general use (HO)
)
\Gread@gobject=\count79
))
(/usr/share/texlive/texmf-dist/tex/latex/graphics/graphicx.sty
Package: graphicx 1999/02/16 v1.0f Enhanced LaTeX Graphics (DPC,SPQR)

(/usr/share/texlive/texmf-dist/tex/latex/graphics/keyval.sty
Package: keyval 1999/03/16 v1.13 key=value parser (DPC)
\KV@toks@=\toks14
)
(/usr/share/texlive/texmf-dist/tex/latex/graphics/graphics.sty
Package: graphics 2009/02/05 v1.0o Standard LaTeX Graphics (DPC,SPQR)

(/usr/share/texlive/texmf-dist/tex/latex/graphics/trig.sty
Package: trig 1999/03/16 v1.09 sin cos tan (DPC)
)
(/usr/share/texlive/texmf-dist/tex/latex/latexconfig/graphics.cfg
File: graphics.cfg 2010/04/23 v1.9 graphics configuration of TeX Live
)
Package graphics Info: Driver file: pdftex.def on input line 91.
)
\Gin@req@height=\dimen102
\Gin@req@width=\dimen103
)
(/usr/share/texlive/texmf-dist/tex/latex/base/ifthen.sty
Package: ifthen 2001/05/26 v1.1c Standard LaTeX ifthen package (DPC)
)
(/usr/share/texlive/texmf-dist/tex/latex/colortbl/colortbl.sty
Package: colortbl 2012/02/13 v1.0a Color table columns (DPC)

(/usr/share/texlive/texmf-dist/tex/latex/tools/array.sty
Package: array 2008/09/09 v2.4c Tabular extension package (FMi)
\col@sep=\dimen104
\extrarowheight=\dimen105
\NC@list=\toks15
\extratabsurround=\skip41
\backup@length=\skip42
)
\everycr=\toks16
\minrowclearance=\skip43
)

! LaTeX Error: File `lastpage.sty' not found.

Type X to quit or <RETURN> to proceed,
or enter new name. (Default extension: sty)

Enter file name: 
(/usr/share/texmf/tex/latex/xcolor/xcolor.sty
Package: xcolor 2007/01/21 v2.11 LaTeX color extensions (UK)

(/usr/share/texlive/texmf-dist/tex/latex/latexconfig/color.cfg
File: color.cfg 2007/01/18 v1.5 color configuration of teTeX/TeXLive
)
Package xcolor Info: Driver file: pdftex.def on input line 225.
LaTeX Info: Redefining \color on input line 702.
\rownum=\count80
Package xcolor Info: Model `cmy' substituted by `cmy0' on input line 1337.
Package xcolor Info: Model `hsb' substituted by `rgb' on input line 1341.
Package xcolor Info: Model `RGB' extended on input line 1353.
Package xcolor Info: Model `HTML' substituted by `rgb' on input line 1355.
Package xcolor Info: Model `Hsb' substituted by `hsb' on input line 1356.
Package xcolor Info: Model `tHsb' substituted by `hsb' on input line 1357.
Package xcolor Info: Model `HSB' substituted by `hsb' on input line 1358.
Package xcolor Info: Model `Gray' substituted by `gray' on input line 1359.
Package xcolor Info: Model `wave' substituted by `hsb' on input line 1360.
)
(/usr/share/texlive/texmf-dist/tex/latex/base/article.cls
Document Class: article 2007/10/19 v1.4h Standard LaTeX document class
(/usr/share/texlive/texmf-dist/tex/latex/base/size11.clo
File: size11.clo 2007/10/19 v1.4h Standard LaTeX file (size option)
)
\c@part=\count81
\c@section=\count82
\c@subsection=\count83
\c@subsubsection=\count84
\c@paragraph=\count85
\c@subparagraph=\count86
\c@figure=\count87
\c@table=\count88
\abovecaptionskip=\skip44
\belowcaptionskip=\skip45
\bibindent=\dimen106
)

! LaTeX Error: File `titlesec.sty' not found.

Type X to quit or <RETURN> to proceed,
or enter new name. (Default extension: sty)

Enter file name: 
) (/usr/share/texlive/texmf-dist/tex/latex/url/url.sty
\Urlmuskip=\muskip10
Package: url 2013/09/16  ver 3.4  Verb mode for urls, etc.
) (./main.aux)
\openout1 = `main.aux'.

LaTeX Font Info:    Checking defaults for OML/cmm/m/it on input line 11.
LaTeX Font Info:    ... okay on input line 11.
LaTeX Font Info:    Checking defaults for T1/cmr/m/n on input line 11.
LaTeX Font Info:    ... okay on input line 11.
LaTeX Font Info:    Checking defaults for OT1/cmr/m/n on input line 11.
LaTeX Font Info:    ... okay on input line 11.
LaTeX Font Info:    Checking defaults for OMS/cmsy/m/n on input line 11.
LaTeX Font Info:    ... okay on input line 11.
LaTeX Font Info:    Checking defaults for OMX/cmex/m/n on input line 11.
LaTeX Font Info:    ... okay on input line 11.
LaTeX Font Info:    Checking defaults for U/cmr/m/n on input line 11.
LaTeX Font Info:    ... okay on input line 11.

(/usr/share/texlive/texmf-dist/tex/context/base/supp-pdf.mkii
[Loading MPS to PDF converter (version 2006.09.02).]
\scratchcounter=\count89
\scratchdimen=\dimen107
\scratchbox=\box26
\nofMPsegments=\count90
\nofMParguments=\count91
\everyMPshowfont=\toks17
\MPscratchCnt=\count92
\MPscratchDim=\dimen108
\MPnumerator=\count93
\makeMPintoPDFobject=\count94
\everyMPtoPDFconversion=\toks18
) (/usr/share/texlive/texmf-dist/tex/generic/oberdiek/pdftexcmds.sty
Package: pdftexcmds 2011/11/29 v0.20 Utility functions of pdfTeX for LuaTeX (HO
)

(/usr/share/texlive/texmf-dist/tex/generic/oberdiek/ifluatex.sty
Package: ifluatex 2010/03/01 v1.3 Provides the ifluatex switch (HO)
Package ifluatex Info: LuaTeX not detected.
)
(/usr/share/texlive/texmf-dist/tex/generic/oberdiek/ifpdf.sty
Package: ifpdf 2011/01/30 v2.3 Provides the ifpdf switch (HO)
Package ifpdf Info: pdfTeX in PDF mode is detected.
)
Package pdftexcmds Info: LuaTeX not detected.
Package pdftexcmds Info: \pdf@primitive is available.
Package pdftexcmds Info: \pdf@ifprimitive is available.
Package pdftexcmds Info: \pdfdraftmode found.
)
(/usr/share/texlive/texmf-dist/tex/latex/oberdiek/epstopdf-base.sty
Package: epstopdf-base 2010/02/09 v2.5 Base part for package epstopdf

(/usr/share/texlive/texmf-dist/tex/latex/oberdiek/grfext.sty
Package: grfext 2010/08/19 v1.1 Manage graphics extensions (HO)

(/usr/share/texlive/texmf-dist/tex/generic/oberdiek/kvdefinekeys.sty
Package: kvdefinekeys 2011/04/07 v1.3 Define keys (HO)
))
(/usr/share/texlive/texmf-dist/tex/latex/oberdiek/kvoptions.sty
Package: kvoptions 2011/06/30 v3.11 Key value format for package options (HO)

(/usr/share/texlive/texmf-dist/tex/generic/oberdiek/kvsetkeys.sty
Package: kvsetkeys 2012/04/25 v1.16 Key value parser (HO)

(/usr/share/texlive/texmf-dist/tex/generic/oberdiek/etexcmds.sty
Package: etexcmds 2011/02/16 v1.5 Avoid name clashes with e-TeX commands (HO)
Package etexcmds Info: Could not find \expanded.
(etexcmds)             That can mean that you are not using pdfTeX 1.50 or
(etexcmds)             that some package has redefined \expanded.
(etexcmds)             In the latter case, load this package earlier.
)))
Package grfext Info: Graphics extension search list:
(grfext)             [.png,.pdf,.jpg,.mps,.jpeg,.jbig2,.jb2,.PNG,.PDF,.JPG,.JPE
G,.JBIG2,.JB2,.eps]
(grfext)             \AppendGraphicsExtensions on input line 452.

(/usr/share/texlive/texmf-dist/tex/latex/latexconfig/epstopdf-sys.cfg
File: epstopdf-sys.cfg 2010/07/13 v1.3 Configuration of (r)epstopdf for TeX Liv
e
))
<SmartLogo.png, id=1, 148.51485pt x 107.32095pt>
File: SmartLogo.png Graphic file (type png)
 <use SmartLogo.png>
Package pdftex.def Info: SmartLogo.png used on input line 25.
(pdftex.def)             Requested size: 113.81102pt x 82.24599pt.

Overfull \hbox (28.45406pt too wide) in paragraph at lines 25--25
[][] 
 []

LaTeX Font Info:    External font `cmex10' loaded for size
(Font)              <10.95> on input line 25.
LaTeX Font Info:    External font `cmex10' loaded for size
(Font)              <8> on input line 25.
LaTeX Font Info:    External font `cmex10' loaded for size
(Font)              <6> on input line 25.

Underfull \hbox (badness 10000) in paragraph at lines 25--25

 []

<FP7-gen.jpg, id=3, 790.955pt x 643.40375pt>
File: FP7-gen.jpg Graphic file (type jpg)
 <use FP7-gen.jpg>
Package pdftex.def Info: FP7-gen.jpg used on input line 25.
(pdftex.def)             Requested size: 62.59596pt x 50.91374pt.

<EUflag.jpg, id=4, 444.66125pt x 302.12875pt>
File: EUflag.jpg Graphic file (type jpg)
 <use EUflag.jpg>
Package pdftex.def Info: EUflag.jpg used on input line 25.
(pdftex.def)             Requested size: 62.59596pt x 42.52823pt.

Underfull \hbox (badness 10000) in paragraph at lines 25--25
[][]
 []


Overfull \hbox (16.99998pt too wide) in paragraph at lines 25--25
[]$[]$$[]$$[]$ 
 []

LaTeX Font Info:    External font `cmex10' loaded for size
(Font)              <12> on input line 25.

Underfull \hbox (badness 10000) in paragraph at lines 25--25
[]|\OT1/cmr/bx/n/12 Dissemination Level
 []


LaTeX Warning: Reference `LastPage' on page 1 undefined on input line 25.

LaTeX Font Info:    External font `cmex10' loaded for size
(Font)              <7> on input line 25.
LaTeX Font Info:    External font `cmex10' loaded for size
(Font)              <5> on input line 25.
[1

{/var/lib/texmf/fonts/map/pdftex/updmap/pdftex.map} <./SmartLogo.png> <./FP7-ge
n.jpg> <./EUflag.jpg>]
LaTeX Font Info:    Try loading font information for OMS+cmr on input line 25.

(/usr/share/texlive/texmf-dist/tex/latex/base/omscmr.fd
File: omscmr.fd 1999/05/25 v2.5h Standard LaTeX font definitions
)
LaTeX Font Info:    Font shape `OMS/cmr/m/n' in size <10> not available
(Font)              Font shape `OMS/cmsy/m/n' tried instead on input line 25.


LaTeX Warning: Reference `LastPage' on page 2 undefined on input line 25.

[2

]
Underfull \hbox (badness 2556) in paragraph at lines 25--25
[]|\OT1/cmr/bx/n/10.95 Number and ti-tle of work-
 []


Overfull \hbox (42.19997pt too wide) in paragraph at lines 25--25
[][] 
 []


LaTeX Warning: Reference `LastPage' on page 3 undefined on input line 25.

[3]
Overfull \hbox (3.4591pt too wide) in paragraph at lines 27--31
[] 
 []


LaTeX Warning: Reference `LastPage' on page 4 undefined on input line 31.

[4

] (./sections/execsum.tex)

LaTeX Warning: Reference `LastPage' on page 5 undefined on input line 36.

[5

] (./main.toc)
\tf@toc=\write3
\openout3 = `main.toc'.



LaTeX Warning: Reference `LastPage' on page 6 undefined on input line 36.

[6]
Underfull \hbox (badness 10000) in paragraph at lines 45--45
[]|\OT1/cmr/m/n/10.95 Evaluator Com-
 []


LaTeX Warning: Reference `sec:evaluator' on page 7 undefined on input line 45.


Underfull \hbox (badness 10000) in paragraph at lines 47--47
[]|\OT1/cmr/m/n/10.95 Incentives Man-
 []


LaTeX Warning: Reference `sec:incentives_manager' on page 7 undefined on input 
line 47.


LaTeX Warning: Reference `sec:knowledge_base' on page 7 undefined on input line
 49.


Underfull \hbox (badness 10000) in paragraph at lines 51--51
[]|\OT1/cmr/m/n/10.95 Orchestration
 []


LaTeX Warning: Reference `sec:orchestration_coordination' on page 7 undefined o
n input line 51.


Underfull \hbox (badness 10000) in paragraph at lines 53--53
[]|\OT1/cmr/m/n/10.95 Peer Dis-cov-ery
 []


LaTeX Warning: Reference `sec:peer_manager' on page 7 undefined on input line 5
3.


Underfull \hbox (badness 10000) in paragraph at lines 55--55
[]|\OT1/cmr/m/n/10.95 Programming
 []


LaTeX Warning: Reference `sec:programming_framework' on page 7 undefined on inp
ut line 55.


LaTeX Warning: Reference `sec:peer_manager' on page 7 undefined on input line 5
7.


Underfull \hbox (badness 10000) in paragraph at lines 59--59
[]|\OT1/cmr/m/n/10.95 Task Co-or-
 []


Underfull \hbox (badness 10000) in paragraph at lines 59--59
\OT1/cmr/m/n/10.95 di-na-tion and
 []


LaTeX Warning: Reference `sec:orchestration_coordination' on page 7 undefined o
n input line 59.


Underfull \hbox (badness 10000) in paragraph at lines 61--61
[]|\OT1/cmr/m/n/10.95 Task Ex-e-cu-tion
 []


LaTeX Warning: Reference `sec:task_execution_manager' on page 7 undefined on in
put line 61.


LaTeX Warning: Reference `sec:orchestration_coordination' on page 7 undefined o
n input line 63.


Overfull \hbox (31.07935pt too wide) in paragraph at lines 40--66
[] 
 []


LaTeX Warning: Reference `LastPage' on page 7 undefined on input line 67.

[7] (./sections/intro.tex

LaTeX Warning: Reference `sec:concl' on page 8 undefined on input line 3.

)

LaTeX Warning: Reference `LastPage' on page 8 undefined on input line 78.

[8] (./sections/architecture.tex
<./figs/perspective_view.pdf, id=43, 1163.34625pt x 676.5275pt>
File: ./figs/perspective_view.pdf Graphic file (type pdf)

<use ./figs/perspective_view.pdf>
Package pdftex.def Info: ./figs/perspective_view.pdf used on input line 37.
(pdftex.def)             Requested size: 384.10959pt x 223.37863pt.
LaTeX Font Info:    Font shape `OMS/cmr/m/n' in size <10.95> not available
(Font)              Font shape `OMS/cmsy/m/n' tried instead on input line 46.


LaTeX Warning: Reference `LastPage' on page 9 undefined on input line 58.

[9]

LaTeX Warning: Reference `LastPage' on page 10 undefined on input line 78.

[10 <./figs/perspective_view.pdf>]
<./figs/functional_diagram.png, id=60, 2329.70375pt x 1002.74625pt>
File: ./figs/functional_diagram.png Graphic file (type png)

<use ./figs/functional_diagram.png>
Package pdftex.def Info: ./figs/functional_diagram.png used on input line 83.
(pdftex.def)             Requested size: 384.10959pt x 165.32358pt.


LaTeX Warning: Reference `LastPage' on page 11 undefined on input line 110.

[11 <./figs/functional_diagram.png>]
<./figs/sequenceRide.png, id=65, 1250.6725pt x 645.41125pt>
File: ./figs/sequenceRide.png Graphic file (type png)

<use ./figs/sequenceRide.png>
Package pdftex.def Info: ./figs/sequenceRide.png used on input line 132.
(pdftex.def)             Requested size: 384.10959pt x 198.21411pt.

<./figs/sequenceAsk.png, id=66, 1203.49625pt x 495.8525pt>
File: ./figs/sequenceAsk.png Graphic file (type png)

<use ./figs/sequenceAsk.png>
Package pdftex.def Info: ./figs/sequenceAsk.png used on input line 139.
(pdftex.def)             Requested size: 384.10959pt x 158.2599pt.
)

LaTeX Warning: Reference `LastPage' on page 12 undefined on input line 86.

[12 <./figs/sequenceRide.png>] (./sections/interfaces.tex

LaTeX Warning: Reference `LastPage' on page 13 undefined on input line 19.

[13 <./figs/sequenceAsk.png>]
Overfull \hbox (161.37648pt too wide) in paragraph at lines 22--23
\OT1/cmr/m/n/10.95 The Or-ches-tra-tion and Ne-go-ti-a-tion Man-ager APIs spec-
i-fi-ca-tion can be found at https://bitbucket.org/rovatsos/smartsociety-
 []

)

LaTeX Warning: Reference `LastPage' on page 14 undefined on input line 93.

[14] (./sections/sw.tex)

LaTeX Warning: Reference `LastPage' on page 15 undefined on input line 101.

[15] (./sections/conclusions.tex)

LaTeX Warning: Reference `LastPage' on page 16 undefined on input line 108.

[16] (./main.bbl

LaTeX Warning: Empty `thebibliography' environment on input line 24.

)

LaTeX Warning: Reference `LastPage' on page 17 undefined on input line 118.

[17] (./main.aux)

LaTeX Warning: There were undefined references.


LaTeX Warning: Label(s) may have changed. Rerun to get cross-references right.

 ) 
Here is how much of TeX's memory you used:
 2389 strings out of 495028
 32622 string characters out of 6181497
 96129 words of memory out of 5000000
 5537 multiletter control sequences out of 15000+600000
 11176 words of font info for 39 fonts, out of 8000000 for 9000
 14 hyphenation exceptions out of 8191
 41i,14n,37p,909b,318s stack positions out of 5000i,500n,10000p,200000b,80000s
</usr/share/texlive/texmf-dist/fonts/type1/public/amsfonts/cm/cmbx10.pfb></us
r/share/texlive/texmf-dist/fonts/type1/public/amsfonts/cm/cmbx12.pfb></usr/shar
e/texlive/texmf-dist/fonts/type1/public/amsfonts/cm/cmcsc10.pfb></usr/share/tex
live/texmf-dist/fonts/type1/public/amsfonts/cm/cmr10.pfb></usr/share/texlive/te
xmf-dist/fonts/type1/public/amsfonts/cm/cmr12.pfb></usr/share/texlive/texmf-dis
t/fonts/type1/public/amsfonts/cm/cmr7.pfb></usr/share/texlive/texmf-dist/fonts/
type1/public/amsfonts/cm/cmr8.pfb></usr/share/texlive/texmf-dist/fonts/type1/pu
blic/amsfonts/cm/cmssbx10.pfb></usr/share/texlive/texmf-dist/fonts/type1/public
/amsfonts/cm/cmsy10.pfb></usr/share/texlive/texmf-dist/fonts/type1/public/amsfo
nts/cm/cmti10.pfb></usr/share/texlive/texmf-dist/fonts/type1/public/amsfonts/cm
/cmti12.pfb></usr/share/texlive/texmf-dist/fonts/type1/public/amsfonts/cm/cmtt1
0.pfb>
Output written on main.pdf (17 pages, 1449314 bytes).
PDF statistics:
 129 PDF objects out of 1000 (max. 8388607)
 83 compressed objects within 1 object stream
 0 named destinations out of 1000 (max. 500000)
 36 words of extra memory for PDF output out of 10000 (max. 10000000)

